<?xml version="1.0" encoding="UTF-8"?>
<Site BuildName="(empty)"
	BuildStamp="20240510-0403-Experimental"
	Name="(empty)"
	Generator="ctest-3.28.0-msvc1"
	CompilerName=""
	CompilerVersion=""
	OSName="Windows"
	Hostname="Lab"
	OSRelease=" Personal"
	OSVersion=" (Build 22631)"
	OSPlatform="x86"
	Is64Bits="1"
	VendorString="GenuineIntel"
	VendorID="Intel Corporation"
	FamilyID="6"
	ModelID="7"
	ProcessorCacheSize="-1"
	NumberOfLogicalCPU="20"
	NumberOfPhysicalCPU="14"
	TotalVirtualMemory="41724"
	TotalPhysicalMemory="24316"
	LogicalProcessorsPerPhysical="1"
	ProcessorClockFrequency="3494"
	>
	<Testing>
		<StartDateTime>May 10 13:08 Tokyo Standard Time</StartDateTime>
		<StartTestTime>1715314109</StartTestTime>
		<TestList/>
		<EndDateTime>May 10 13:08 Tokyo Standard Time</EndDateTime>
		<EndTestTime>1715314109</EndTestTime>
		<ElapsedMinutes>0</ElapsedMinutes>
	</Testing>
</Site>
