<?xml version="1.0" encoding="UTF-8"?>
<Site BuildName="(empty)"
	BuildStamp="20241101-0726-Experimental"
	Name="(empty)"
	Generator="ctest-3.28.0-msvc1"
	CompilerName=""
	CompilerVersion=""
	OSName="Windows"
	Hostname="Lab"
	OSRelease=" Personal"
	OSVersion=" (Build 22631)"
	OSPlatform="x86"
	Is64Bits="1"
	VendorString="GenuineIntel"
	VendorID="Intel Corporation"
	FamilyID="6"
	ModelID="7"
	ProcessorCacheSize="-1"
	NumberOfLogicalCPU="20"
	NumberOfPhysicalCPU="14"
	TotalVirtualMemory="130552"
	TotalPhysicalMemory="65276"
	LogicalProcessorsPerPhysical="1"
	ProcessorClockFrequency="3630"
	>
	<Testing>
		<StartDateTime>Nov 01 17:22 Tokyo Standard Time</StartDateTime>
		<StartTestTime>1730449374</StartTestTime>
		<TestList/>
		<EndDateTime>Nov 01 17:22 Tokyo Standard Time</EndDateTime>
		<EndTestTime>1730449374</EndTestTime>
		<ElapsedMinutes>0</ElapsedMinutes>
	</Testing>
</Site>
