<?xml version="1.0" encoding="UTF-8"?>
<Site BuildName="(empty)"
	BuildStamp="20240905-0739-Experimental"
	Name="(empty)"
	Generator="ctest-3.28.0-msvc1"
	CompilerName=""
	CompilerVersion=""
	OSName="Windows"
	Hostname="Lab"
	OSRelease=" Personal"
	OSVersion=" (Build 22631)"
	OSPlatform="x86"
	Is64Bits="1"
	VendorString="GenuineIntel"
	VendorID="Intel Corporation"
	FamilyID="6"
	ModelID="7"
	ProcessorCacheSize="-1"
	NumberOfLogicalCPU="20"
	NumberOfPhysicalCPU="14"
	TotalVirtualMemory="100092"
	TotalPhysicalMemory="65276"
	LogicalProcessorsPerPhysical="1"
	ProcessorClockFrequency="3535"
	>
	<Testing>
		<StartDateTime>Sep 05 16:39 Tokyo Standard Time</StartDateTime>
		<StartTestTime>1725521979</StartTestTime>
		<TestList/>
		<EndDateTime>Sep 05 16:39 Tokyo Standard Time</EndDateTime>
		<EndTestTime>1725521979</EndTestTime>
		<ElapsedMinutes>0</ElapsedMinutes>
	</Testing>
</Site>
